2019-07-04 20:34:29,409 INFO  [restartedMain] com.moon.ms.MSApplication : Starting MSApplication on DESKTOP-FS0J07O with PID 22404 (D:\workspace\ms\target\classes started by lengkristy in D:\workspace\ms)
2019-07-04 20:34:29,410 INFO  [restartedMain] com.moon.ms.MSApplication : No active profile set, falling back to default profiles: default
2019-07-04 20:34:29,597 INFO  [restartedMain] org.springframework.boot.context.embedded.AnnotationConfigEmbeddedWebApplicationContext : Refreshing org.springframework.boot.context.embedded.AnnotationConfigEmbeddedWebApplicationContext@717bb52d: startup date [Thu Jul 04 20:34:29 CST 2019]; root of context hierarchy
2019-07-04 20:34:30,529 WARN  [restartedMain] org.mybatis.spring.mapper.ClassPathMapperScanner : No MyBatis mapper was found in '[com.moon.ms]' package. Please check your configuration.
2019-07-04 20:34:31,029 INFO  [restartedMain] org.springframework.context.support.PostProcessorRegistrationDelegate$BeanPostProcessorChecker : Bean 'org.springframework.transaction.annotation.ProxyTransactionManagementConfiguration' of type [org.springframework.transaction.annotation.ProxyTransactionManagementConfiguration$$EnhancerBySpringCGLIB$$65ccc6bc] is not eligible for getting processed by all BeanPostProcessors (for example: not eligible for auto-proxying)
2019-07-04 20:34:31,537 INFO  [restartedMain] org.springframework.boot.context.embedded.tomcat.TomcatEmbeddedServletContainer : Tomcat initialized with port(s): 9010 (http)
2019-07-04 20:34:31,546 INFO  [restartedMain] org.apache.catalina.core.StandardService : Starting service [Tomcat]
2019-07-04 20:34:31,547 INFO  [restartedMain] org.apache.catalina.core.StandardEngine : Starting Servlet Engine: Apache Tomcat/8.5.15
2019-07-04 20:34:31,641 INFO  [localhost-startStop-1] org.apache.catalina.core.ContainerBase.[Tomcat].[localhost].[/] : Initializing Spring embedded WebApplicationContext
2019-07-04 20:34:31,641 INFO  [localhost-startStop-1] org.springframework.web.context.ContextLoader : Root WebApplicationContext: initialization completed in 2047 ms
2019-07-04 20:34:31,877 INFO  [localhost-startStop-1] org.springframework.boot.web.servlet.ServletRegistrationBean : Mapping servlet: 'dispatcherServlet' to [/]
2019-07-04 20:34:31,880 INFO  [localhost-startStop-1] org.springframework.boot.web.servlet.FilterRegistrationBean : Mapping filter: 'metricsFilter' to: [/*]
2019-07-04 20:34:31,881 INFO  [localhost-startStop-1] org.springframework.boot.web.servlet.FilterRegistrationBean : Mapping filter: 'characterEncodingFilter' to: [/*]
2019-07-04 20:34:31,881 INFO  [localhost-startStop-1] org.springframework.boot.web.servlet.FilterRegistrationBean : Mapping filter: 'hiddenHttpMethodFilter' to: [/*]
2019-07-04 20:34:31,881 INFO  [localhost-startStop-1] org.springframework.boot.web.servlet.FilterRegistrationBean : Mapping filter: 'httpPutFormContentFilter' to: [/*]
2019-07-04 20:34:31,881 INFO  [localhost-startStop-1] org.springframework.boot.web.servlet.FilterRegistrationBean : Mapping filter: 'requestContextFilter' to: [/*]
2019-07-04 20:34:31,881 INFO  [localhost-startStop-1] org.springframework.boot.web.servlet.FilterRegistrationBean : Mapping filter: 'webRequestLoggingFilter' to: [/*]
2019-07-04 20:34:31,881 INFO  [localhost-startStop-1] org.springframework.boot.web.servlet.FilterRegistrationBean : Mapping filter: 'applicationContextIdFilter' to: [/*]
2019-07-04 20:34:32,293 INFO  [restartedMain] org.springframework.web.servlet.mvc.method.annotation.RequestMappingHandlerMapping : Mapped "{[/swagger-resources/configuration/security]}" onto public org.springframework.http.ResponseEntity<springfox.documentation.swagger.web.SecurityConfiguration> springfox.documentation.swagger.web.ApiResourceController.securityConfiguration()
2019-07-04 20:34:32,294 INFO  [restartedMain] org.springframework.web.servlet.mvc.method.annotation.RequestMappingHandlerMapping : Mapped "{[/swagger-resources/configuration/ui]}" onto public org.springframework.http.ResponseEntity<springfox.documentation.swagger.web.UiConfiguration> springfox.documentation.swagger.web.ApiResourceController.uiConfiguration()
2019-07-04 20:34:32,295 INFO  [restartedMain] org.springframework.web.servlet.mvc.method.annotation.RequestMappingHandlerMapping : Mapped "{[/swagger-resources]}" onto public org.springframework.http.ResponseEntity<java.util.List<springfox.documentation.swagger.web.SwaggerResource>> springfox.documentation.swagger.web.ApiResourceController.swaggerResources()
2019-07-04 20:34:32,296 INFO  [restartedMain] org.springframework.web.servlet.mvc.method.annotation.RequestMappingHandlerMapping : Mapped "{[/error]}" onto public org.springframework.http.ResponseEntity<java.util.Map<java.lang.String, java.lang.Object>> org.springframework.boot.autoconfigure.web.BasicErrorController.error(javax.servlet.http.HttpServletRequest)
2019-07-04 20:34:32,297 INFO  [restartedMain] org.springframework.web.servlet.mvc.method.annotation.RequestMappingHandlerMapping : Mapped "{[/error],produces=[text/html]}" onto public org.springframework.web.servlet.ModelAndView org.springframework.boot.autoconfigure.web.BasicErrorController.errorHtml(javax.servlet.http.HttpServletRequest,javax.servlet.http.HttpServletResponse)
2019-07-04 20:34:32,350 WARN  [restartedMain] org.springframework.boot.context.embedded.AnnotationConfigEmbeddedWebApplicationContext : Exception encountered during context initialization - cancelling refresh attempt: org.springframework.beans.factory.UnsatisfiedDependencyException: Error creating bean with name 'documentationPluginsBootstrapper' defined in URL [jar:file:/D:/Users/lengkristy/.m2/repository/io/springfox/springfox-spring-web/2.9.1/springfox-spring-web-2.9.1.jar!/springfox/documentation/spring/web/plugins/DocumentationPluginsBootstrapper.class]: Unsatisfied dependency expressed through constructor parameter 1; nested exception is org.springframework.beans.factory.UnsatisfiedDependencyException: Error creating bean with name 'webMvcRequestHandlerProvider' defined in URL [jar:file:/D:/Users/lengkristy/.m2/repository/io/springfox/springfox-spring-web/2.9.1/springfox-spring-web-2.9.1.jar!/springfox/documentation/spring/web/plugins/WebMvcRequestHandlerProvider.class]: Unsatisfied dependency expressed through constructor parameter 1; nested exception is org.springframework.beans.factory.BeanCreationException: Error creating bean with name 'endpointHandlerMapping' defined in class path resource [org/springframework/boot/actuate/autoconfigure/EndpointWebMvcManagementContextConfiguration.class]: Bean instantiation via factory method failed; nested exception is org.springframework.beans.BeanInstantiationException: Failed to instantiate [org.springframework.boot.actuate.endpoint.mvc.EndpointHandlerMapping]: Factory method 'endpointHandlerMapping' threw exception; nested exception is org.springframework.beans.factory.BeanCreationException: Error creating bean with name 'mvcEndpoints' defined in class path resource [org/springframework/boot/actuate/autoconfigure/EndpointWebMvcManagementContextConfiguration.class]: Invocation of init method failed; nested exception is org.springframework.beans.factory.UnsatisfiedDependencyException: Error creating bean with name 'environmentMvcEndpoint' defined in class path resource [org/springframework/boot/actuate/autoconfigure/EndpointWebMvcManagementContextConfiguration.class]: Unsatisfied dependency expressed through method 'environmentMvcEndpoint' parameter 0; nested exception is org.springframework.beans.factory.BeanCreationException: Error creating bean with name 'org.springframework.boot.actuate.autoconfigure.EndpointAutoConfiguration': Bean instantiation via constructor failed; nested exception is org.springframework.beans.BeanInstantiationException: Failed to instantiate [org.springframework.boot.actuate.autoconfigure.EndpointAutoConfiguration$$EnhancerBySpringCGLIB$$73d600e8]: Constructor threw exception; nested exception is org.springframework.beans.factory.BeanCreationException: Error creating bean with name 'org.springframework.boot.actuate.autoconfigure.HealthIndicatorAutoConfiguration$DataSourcesHealthIndicatorConfiguration': Bean instantiation via constructor failed; nested exception is org.springframework.beans.BeanInstantiationException: Failed to instantiate [org.springframework.boot.actuate.autoconfigure.HealthIndicatorAutoConfiguration$DataSourcesHealthIndicatorConfiguration$$EnhancerBySpringCGLIB$$9eb920ed]: Constructor threw exception; nested exception is org.springframework.beans.factory.BeanCreationException: Error creating bean with name 'dataSource' defined in class path resource [org/springframework/boot/autoconfigure/jdbc/DataSourceConfiguration$Tomcat.class]: Bean instantiation via factory method failed; nested exception is org.springframework.beans.BeanInstantiationException: Failed to instantiate [org.apache.tomcat.jdbc.pool.DataSource]: Factory method 'dataSource' threw exception; nested exception is org.springframework.boot.autoconfigure.jdbc.DataSourceProperties$DataSourceBeanCreationException: Cannot determine embedded database driver class for database type NONE. If you want an embedded database please put a supported one on the classpath. If you have database settings to be loaded from a particular profile you may need to active it (no profiles are currently active).
2019-07-04 20:34:32,352 INFO  [restartedMain] org.apache.catalina.core.StandardService : Stopping service [Tomcat]
2019-07-04 20:34:32,418 WARN  [localhost-startStop-1] org.apache.catalina.loader.WebappClassLoaderBase : The web application [ROOT] appears to have started a thread named [Abandoned connection cleanup thread] but has failed to stop it. This is very likely to create a memory leak. Stack trace of thread:
 java.lang.Object.wait(Native Method)
 java.lang.ref.ReferenceQueue.remove(ReferenceQueue.java:143)
 com.mysql.cj.jdbc.AbandonedConnectionCleanupThread.run(AbandonedConnectionCleanupThread.java:43)
2019-07-04 20:34:32,426 INFO  [restartedMain] org.springframework.boot.autoconfigure.logging.AutoConfigurationReportLoggingInitializer : 

Error starting ApplicationContext. To display the auto-configuration report re-run your application with 'debug' enabled.
2019-07-04 20:34:32,428 ERROR [restartedMain] org.springframework.boot.diagnostics.LoggingFailureAnalysisReporter : 

***************************
APPLICATION FAILED TO START
***************************

Description:

Cannot determine embedded database driver class for database type NONE

Action:

If you want an embedded database please put a supported one on the classpath. If you have database settings to be loaded from a particular profile you may need to active it (no profiles are currently active).

2019-07-04 20:35:13,980 INFO  [restartedMain] com.moon.ms.MSApplication : Starting MSApplication on DESKTOP-FS0J07O with PID 28428 (D:\workspace\ms\target\classes started by lengkristy in D:\workspace\ms)
2019-07-04 20:35:13,981 INFO  [restartedMain] com.moon.ms.MSApplication : No active profile set, falling back to default profiles: default
2019-07-04 20:35:14,159 INFO  [restartedMain] org.springframework.boot.context.embedded.AnnotationConfigEmbeddedWebApplicationContext : Refreshing org.springframework.boot.context.embedded.AnnotationConfigEmbeddedWebApplicationContext@17a92263: startup date [Thu Jul 04 20:35:14 CST 2019]; root of context hierarchy
2019-07-04 20:35:15,097 WARN  [restartedMain] org.mybatis.spring.mapper.ClassPathMapperScanner : No MyBatis mapper was found in '[com.moon.ms]' package. Please check your configuration.
2019-07-04 20:35:15,582 INFO  [restartedMain] org.springframework.context.support.PostProcessorRegistrationDelegate$BeanPostProcessorChecker : Bean 'org.springframework.transaction.annotation.ProxyTransactionManagementConfiguration' of type [org.springframework.transaction.annotation.ProxyTransactionManagementConfiguration$$EnhancerBySpringCGLIB$$7ba0d0fc] is not eligible for getting processed by all BeanPostProcessors (for example: not eligible for auto-proxying)
2019-07-04 20:35:16,071 INFO  [restartedMain] org.springframework.boot.context.embedded.tomcat.TomcatEmbeddedServletContainer : Tomcat initialized with port(s): 9010 (http)
2019-07-04 20:35:16,079 INFO  [restartedMain] org.apache.catalina.core.StandardService : Starting service [Tomcat]
2019-07-04 20:35:16,080 INFO  [restartedMain] org.apache.catalina.core.StandardEngine : Starting Servlet Engine: Apache Tomcat/8.5.15
2019-07-04 20:35:16,169 INFO  [localhost-startStop-1] org.apache.catalina.core.ContainerBase.[Tomcat].[localhost].[/] : Initializing Spring embedded WebApplicationContext
2019-07-04 20:35:16,169 INFO  [localhost-startStop-1] org.springframework.web.context.ContextLoader : Root WebApplicationContext: initialization completed in 2012 ms
2019-07-04 20:35:16,378 INFO  [localhost-startStop-1] org.springframework.boot.web.servlet.ServletRegistrationBean : Mapping servlet: 'dispatcherServlet' to [/]
2019-07-04 20:35:16,383 INFO  [localhost-startStop-1] org.springframework.boot.web.servlet.FilterRegistrationBean : Mapping filter: 'metricsFilter' to: [/*]
2019-07-04 20:35:16,383 INFO  [localhost-startStop-1] org.springframework.boot.web.servlet.FilterRegistrationBean : Mapping filter: 'characterEncodingFilter' to: [/*]
2019-07-04 20:35:16,384 INFO  [localhost-startStop-1] org.springframework.boot.web.servlet.FilterRegistrationBean : Mapping filter: 'hiddenHttpMethodFilter' to: [/*]
2019-07-04 20:35:16,384 INFO  [localhost-startStop-1] org.springframework.boot.web.servlet.FilterRegistrationBean : Mapping filter: 'httpPutFormContentFilter' to: [/*]
2019-07-04 20:35:16,384 INFO  [localhost-startStop-1] org.springframework.boot.web.servlet.FilterRegistrationBean : Mapping filter: 'requestContextFilter' to: [/*]
2019-07-04 20:35:16,384 INFO  [localhost-startStop-1] org.springframework.boot.web.servlet.FilterRegistrationBean : Mapping filter: 'webRequestLoggingFilter' to: [/*]
2019-07-04 20:35:16,384 INFO  [localhost-startStop-1] org.springframework.boot.web.servlet.FilterRegistrationBean : Mapping filter: 'applicationContextIdFilter' to: [/*]
2019-07-04 20:35:16,831 INFO  [restartedMain] org.springframework.web.servlet.mvc.method.annotation.RequestMappingHandlerMapping : Mapped "{[/swagger-resources/configuration/ui]}" onto public org.springframework.http.ResponseEntity<springfox.documentation.swagger.web.UiConfiguration> springfox.documentation.swagger.web.ApiResourceController.uiConfiguration()
2019-07-04 20:35:16,833 INFO  [restartedMain] org.springframework.web.servlet.mvc.method.annotation.RequestMappingHandlerMapping : Mapped "{[/swagger-resources]}" onto public org.springframework.http.ResponseEntity<java.util.List<springfox.documentation.swagger.web.SwaggerResource>> springfox.documentation.swagger.web.ApiResourceController.swaggerResources()
2019-07-04 20:35:16,833 INFO  [restartedMain] org.springframework.web.servlet.mvc.method.annotation.RequestMappingHandlerMapping : Mapped "{[/swagger-resources/configuration/security]}" onto public org.springframework.http.ResponseEntity<springfox.documentation.swagger.web.SecurityConfiguration> springfox.documentation.swagger.web.ApiResourceController.securityConfiguration()
2019-07-04 20:35:16,835 INFO  [restartedMain] org.springframework.web.servlet.mvc.method.annotation.RequestMappingHandlerMapping : Mapped "{[/error]}" onto public org.springframework.http.ResponseEntity<java.util.Map<java.lang.String, java.lang.Object>> org.springframework.boot.autoconfigure.web.BasicErrorController.error(javax.servlet.http.HttpServletRequest)
2019-07-04 20:35:16,835 INFO  [restartedMain] org.springframework.web.servlet.mvc.method.annotation.RequestMappingHandlerMapping : Mapped "{[/error],produces=[text/html]}" onto public org.springframework.web.servlet.ModelAndView org.springframework.boot.autoconfigure.web.BasicErrorController.errorHtml(javax.servlet.http.HttpServletRequest,javax.servlet.http.HttpServletResponse)
2019-07-04 20:35:16,884 WARN  [restartedMain] org.springframework.boot.context.embedded.AnnotationConfigEmbeddedWebApplicationContext : Exception encountered during context initialization - cancelling refresh attempt: org.springframework.beans.factory.UnsatisfiedDependencyException: Error creating bean with name 'documentationPluginsBootstrapper' defined in URL [jar:file:/D:/Users/lengkristy/.m2/repository/io/springfox/springfox-spring-web/2.9.1/springfox-spring-web-2.9.1.jar!/springfox/documentation/spring/web/plugins/DocumentationPluginsBootstrapper.class]: Unsatisfied dependency expressed through constructor parameter 1; nested exception is org.springframework.beans.factory.UnsatisfiedDependencyException: Error creating bean with name 'webMvcRequestHandlerProvider' defined in URL [jar:file:/D:/Users/lengkristy/.m2/repository/io/springfox/springfox-spring-web/2.9.1/springfox-spring-web-2.9.1.jar!/springfox/documentation/spring/web/plugins/WebMvcRequestHandlerProvider.class]: Unsatisfied dependency expressed through constructor parameter 1; nested exception is org.springframework.beans.factory.BeanCreationException: Error creating bean with name 'endpointHandlerMapping' defined in class path resource [org/springframework/boot/actuate/autoconfigure/EndpointWebMvcManagementContextConfiguration.class]: Bean instantiation via factory method failed; nested exception is org.springframework.beans.BeanInstantiationException: Failed to instantiate [org.springframework.boot.actuate.endpoint.mvc.EndpointHandlerMapping]: Factory method 'endpointHandlerMapping' threw exception; nested exception is org.springframework.beans.factory.BeanCreationException: Error creating bean with name 'mvcEndpoints' defined in class path resource [org/springframework/boot/actuate/autoconfigure/EndpointWebMvcManagementContextConfiguration.class]: Invocation of init method failed; nested exception is org.springframework.beans.factory.UnsatisfiedDependencyException: Error creating bean with name 'environmentMvcEndpoint' defined in class path resource [org/springframework/boot/actuate/autoconfigure/EndpointWebMvcManagementContextConfiguration.class]: Unsatisfied dependency expressed through method 'environmentMvcEndpoint' parameter 0; nested exception is org.springframework.beans.factory.BeanCreationException: Error creating bean with name 'org.springframework.boot.actuate.autoconfigure.EndpointAutoConfiguration': Bean instantiation via constructor failed; nested exception is org.springframework.beans.BeanInstantiationException: Failed to instantiate [org.springframework.boot.actuate.autoconfigure.EndpointAutoConfiguration$$EnhancerBySpringCGLIB$$89aa0b28]: Constructor threw exception; nested exception is org.springframework.beans.factory.BeanCreationException: Error creating bean with name 'org.springframework.boot.actuate.autoconfigure.HealthIndicatorAutoConfiguration$DataSourcesHealthIndicatorConfiguration': Bean instantiation via constructor failed; nested exception is org.springframework.beans.BeanInstantiationException: Failed to instantiate [org.springframework.boot.actuate.autoconfigure.HealthIndicatorAutoConfiguration$DataSourcesHealthIndicatorConfiguration$$EnhancerBySpringCGLIB$$b48d2b2d]: Constructor threw exception; nested exception is org.springframework.beans.factory.BeanCreationException: Error creating bean with name 'dataSource' defined in class path resource [org/springframework/boot/autoconfigure/jdbc/DataSourceConfiguration$Tomcat.class]: Bean instantiation via factory method failed; nested exception is org.springframework.beans.BeanInstantiationException: Failed to instantiate [org.apache.tomcat.jdbc.pool.DataSource]: Factory method 'dataSource' threw exception; nested exception is org.springframework.boot.autoconfigure.jdbc.DataSourceProperties$DataSourceBeanCreationException: Cannot determine embedded database driver class for database type NONE. If you want an embedded database please put a supported one on the classpath. If you have database settings to be loaded from a particular profile you may need to active it (no profiles are currently active).
2019-07-04 20:35:16,886 INFO  [restartedMain] org.apache.catalina.core.StandardService : Stopping service [Tomcat]
2019-07-04 20:35:16,949 WARN  [localhost-startStop-1] org.apache.catalina.loader.WebappClassLoaderBase : The web application [ROOT] appears to have started a thread named [Abandoned connection cleanup thread] but has failed to stop it. This is very likely to create a memory leak. Stack trace of thread:
 java.lang.Object.wait(Native Method)
 java.lang.ref.ReferenceQueue.remove(ReferenceQueue.java:143)
 com.mysql.cj.jdbc.AbandonedConnectionCleanupThread.run(AbandonedConnectionCleanupThread.java:43)
2019-07-04 20:35:16,958 INFO  [restartedMain] org.springframework.boot.autoconfigure.logging.AutoConfigurationReportLoggingInitializer : 

Error starting ApplicationContext. To display the auto-configuration report re-run your application with 'debug' enabled.
2019-07-04 20:35:16,960 ERROR [restartedMain] org.springframework.boot.diagnostics.LoggingFailureAnalysisReporter : 

***************************
APPLICATION FAILED TO START
***************************

Description:

Cannot determine embedded database driver class for database type NONE

Action:

If you want an embedded database please put a supported one on the classpath. If you have database settings to be loaded from a particular profile you may need to active it (no profiles are currently active).

2019-07-04 20:35:32,294 INFO  [restartedMain] com.moon.ms.MSApplication : Starting MSApplication on DESKTOP-FS0J07O with PID 20952 (D:\workspace\ms\target\classes started by lengkristy in D:\workspace\ms)
2019-07-04 20:35:32,295 INFO  [restartedMain] com.moon.ms.MSApplication : No active profile set, falling back to default profiles: default
2019-07-04 20:35:32,501 INFO  [restartedMain] org.springframework.boot.context.embedded.AnnotationConfigEmbeddedWebApplicationContext : Refreshing org.springframework.boot.context.embedded.AnnotationConfigEmbeddedWebApplicationContext@3e585d3: startup date [Thu Jul 04 20:35:32 CST 2019]; root of context hierarchy
2019-07-04 20:35:33,413 WARN  [restartedMain] org.mybatis.spring.mapper.ClassPathMapperScanner : No MyBatis mapper was found in '[com.moon.ms]' package. Please check your configuration.
2019-07-04 20:35:33,884 INFO  [restartedMain] org.springframework.context.support.PostProcessorRegistrationDelegate$BeanPostProcessorChecker : Bean 'org.springframework.transaction.annotation.ProxyTransactionManagementConfiguration' of type [org.springframework.transaction.annotation.ProxyTransactionManagementConfiguration$$EnhancerBySpringCGLIB$$2ad81bd8] is not eligible for getting processed by all BeanPostProcessors (for example: not eligible for auto-proxying)
2019-07-04 20:35:34,367 INFO  [restartedMain] org.springframework.boot.context.embedded.tomcat.TomcatEmbeddedServletContainer : Tomcat initialized with port(s): 9010 (http)
2019-07-04 20:35:34,375 INFO  [restartedMain] org.apache.catalina.core.StandardService : Starting service [Tomcat]
2019-07-04 20:35:34,376 INFO  [restartedMain] org.apache.catalina.core.StandardEngine : Starting Servlet Engine: Apache Tomcat/8.5.15
2019-07-04 20:35:34,452 INFO  [localhost-startStop-1] org.apache.catalina.core.ContainerBase.[Tomcat].[localhost].[/] : Initializing Spring embedded WebApplicationContext
2019-07-04 20:35:34,452 INFO  [localhost-startStop-1] org.springframework.web.context.ContextLoader : Root WebApplicationContext: initialization completed in 1954 ms
2019-07-04 20:35:34,667 INFO  [localhost-startStop-1] org.springframework.boot.web.servlet.ServletRegistrationBean : Mapping servlet: 'dispatcherServlet' to [/]
2019-07-04 20:35:34,670 INFO  [localhost-startStop-1] org.springframework.boot.web.servlet.FilterRegistrationBean : Mapping filter: 'metricsFilter' to: [/*]
2019-07-04 20:35:34,670 INFO  [localhost-startStop-1] org.springframework.boot.web.servlet.FilterRegistrationBean : Mapping filter: 'characterEncodingFilter' to: [/*]
2019-07-04 20:35:34,671 INFO  [localhost-startStop-1] org.springframework.boot.web.servlet.FilterRegistrationBean : Mapping filter: 'hiddenHttpMethodFilter' to: [/*]
2019-07-04 20:35:34,671 INFO  [localhost-startStop-1] org.springframework.boot.web.servlet.FilterRegistrationBean : Mapping filter: 'httpPutFormContentFilter' to: [/*]
2019-07-04 20:35:34,671 INFO  [localhost-startStop-1] org.springframework.boot.web.servlet.FilterRegistrationBean : Mapping filter: 'requestContextFilter' to: [/*]
2019-07-04 20:35:34,671 INFO  [localhost-startStop-1] org.springframework.boot.web.servlet.FilterRegistrationBean : Mapping filter: 'webRequestLoggingFilter' to: [/*]
2019-07-04 20:35:34,671 INFO  [localhost-startStop-1] org.springframework.boot.web.servlet.FilterRegistrationBean : Mapping filter: 'applicationContextIdFilter' to: [/*]
2019-07-04 20:35:35,077 INFO  [restartedMain] org.springframework.web.servlet.mvc.method.annotation.RequestMappingHandlerMapping : Mapped "{[/swagger-resources]}" onto public org.springframework.http.ResponseEntity<java.util.List<springfox.documentation.swagger.web.SwaggerResource>> springfox.documentation.swagger.web.ApiResourceController.swaggerResources()
2019-07-04 20:35:35,078 INFO  [restartedMain] org.springframework.web.servlet.mvc.method.annotation.RequestMappingHandlerMapping : Mapped "{[/swagger-resources/configuration/ui]}" onto public org.springframework.http.ResponseEntity<springfox.documentation.swagger.web.UiConfiguration> springfox.documentation.swagger.web.ApiResourceController.uiConfiguration()
2019-07-04 20:35:35,078 INFO  [restartedMain] org.springframework.web.servlet.mvc.method.annotation.RequestMappingHandlerMapping : Mapped "{[/swagger-resources/configuration/security]}" onto public org.springframework.http.ResponseEntity<springfox.documentation.swagger.web.SecurityConfiguration> springfox.documentation.swagger.web.ApiResourceController.securityConfiguration()
2019-07-04 20:35:35,080 INFO  [restartedMain] org.springframework.web.servlet.mvc.method.annotation.RequestMappingHandlerMapping : Mapped "{[/error]}" onto public org.springframework.http.ResponseEntity<java.util.Map<java.lang.String, java.lang.Object>> org.springframework.boot.autoconfigure.web.BasicErrorController.error(javax.servlet.http.HttpServletRequest)
2019-07-04 20:35:35,081 INFO  [restartedMain] org.springframework.web.servlet.mvc.method.annotation.RequestMappingHandlerMapping : Mapped "{[/error],produces=[text/html]}" onto public org.springframework.web.servlet.ModelAndView org.springframework.boot.autoconfigure.web.BasicErrorController.errorHtml(javax.servlet.http.HttpServletRequest,javax.servlet.http.HttpServletResponse)
2019-07-04 20:35:35,129 WARN  [restartedMain] org.springframework.boot.context.embedded.AnnotationConfigEmbeddedWebApplicationContext : Exception encountered during context initialization - cancelling refresh attempt: org.springframework.beans.factory.UnsatisfiedDependencyException: Error creating bean with name 'documentationPluginsBootstrapper' defined in URL [jar:file:/D:/Users/lengkristy/.m2/repository/io/springfox/springfox-spring-web/2.9.1/springfox-spring-web-2.9.1.jar!/springfox/documentation/spring/web/plugins/DocumentationPluginsBootstrapper.class]: Unsatisfied dependency expressed through constructor parameter 1; nested exception is org.springframework.beans.factory.UnsatisfiedDependencyException: Error creating bean with name 'webMvcRequestHandlerProvider' defined in URL [jar:file:/D:/Users/lengkristy/.m2/repository/io/springfox/springfox-spring-web/2.9.1/springfox-spring-web-2.9.1.jar!/springfox/documentation/spring/web/plugins/WebMvcRequestHandlerProvider.class]: Unsatisfied dependency expressed through constructor parameter 1; nested exception is org.springframework.beans.factory.BeanCreationException: Error creating bean with name 'endpointHandlerMapping' defined in class path resource [org/springframework/boot/actuate/autoconfigure/EndpointWebMvcManagementContextConfiguration.class]: Bean instantiation via factory method failed; nested exception is org.springframework.beans.BeanInstantiationException: Failed to instantiate [org.springframework.boot.actuate.endpoint.mvc.EndpointHandlerMapping]: Factory method 'endpointHandlerMapping' threw exception; nested exception is org.springframework.beans.factory.BeanCreationException: Error creating bean with name 'mvcEndpoints' defined in class path resource [org/springframework/boot/actuate/autoconfigure/EndpointWebMvcManagementContextConfiguration.class]: Invocation of init method failed; nested exception is org.springframework.beans.factory.UnsatisfiedDependencyException: Error creating bean with name 'environmentMvcEndpoint' defined in class path resource [org/springframework/boot/actuate/autoconfigure/EndpointWebMvcManagementContextConfiguration.class]: Unsatisfied dependency expressed through method 'environmentMvcEndpoint' parameter 0; nested exception is org.springframework.beans.factory.BeanCreationException: Error creating bean with name 'org.springframework.boot.actuate.autoconfigure.EndpointAutoConfiguration': Bean instantiation via constructor failed; nested exception is org.springframework.beans.BeanInstantiationException: Failed to instantiate [org.springframework.boot.actuate.autoconfigure.EndpointAutoConfiguration$$EnhancerBySpringCGLIB$$38e15604]: Constructor threw exception; nested exception is org.springframework.beans.factory.BeanCreationException: Error creating bean with name 'org.springframework.boot.actuate.autoconfigure.HealthIndicatorAutoConfiguration$DataSourcesHealthIndicatorConfiguration': Bean instantiation via constructor failed; nested exception is org.springframework.beans.BeanInstantiationException: Failed to instantiate [org.springframework.boot.actuate.autoconfigure.HealthIndicatorAutoConfiguration$DataSourcesHealthIndicatorConfiguration$$EnhancerBySpringCGLIB$$63c47609]: Constructor threw exception; nested exception is org.springframework.beans.factory.BeanCreationException: Error creating bean with name 'dataSource' defined in class path resource [org/springframework/boot/autoconfigure/jdbc/DataSourceConfiguration$Tomcat.class]: Bean instantiation via factory method failed; nested exception is org.springframework.beans.BeanInstantiationException: Failed to instantiate [org.apache.tomcat.jdbc.pool.DataSource]: Factory method 'dataSource' threw exception; nested exception is org.springframework.boot.autoconfigure.jdbc.DataSourceProperties$DataSourceBeanCreationException: Cannot determine embedded database driver class for database type NONE. If you want an embedded database please put a supported one on the classpath. If you have database settings to be loaded from a particular profile you may need to active it (no profiles are currently active).
2019-07-04 20:35:35,133 INFO  [restartedMain] org.apache.catalina.core.StandardService : Stopping service [Tomcat]
2019-07-04 20:35:35,141 WARN  [localhost-startStop-1] org.apache.catalina.loader.WebappClassLoaderBase : The web application [ROOT] appears to have started a thread named [Abandoned connection cleanup thread] but has failed to stop it. This is very likely to create a memory leak. Stack trace of thread:
 java.lang.Object.wait(Native Method)
 java.lang.ref.ReferenceQueue.remove(ReferenceQueue.java:143)
 com.mysql.cj.jdbc.AbandonedConnectionCleanupThread.run(AbandonedConnectionCleanupThread.java:43)
2019-07-04 20:35:35,151 INFO  [restartedMain] org.springframework.boot.autoconfigure.logging.AutoConfigurationReportLoggingInitializer : 

Error starting ApplicationContext. To display the auto-configuration report re-run your application with 'debug' enabled.
2019-07-04 20:35:35,154 ERROR [restartedMain] org.springframework.boot.diagnostics.LoggingFailureAnalysisReporter : 

***************************
APPLICATION FAILED TO START
***************************

Description:

Cannot determine embedded database driver class for database type NONE

Action:

If you want an embedded database please put a supported one on the classpath. If you have database settings to be loaded from a particular profile you may need to active it (no profiles are currently active).

2019-07-04 20:39:57,523 INFO  [restartedMain] com.moon.ms.MSApplication : Starting MSApplication on DESKTOP-FS0J07O with PID 5408 (D:\workspace\ms\target\classes started by lengkristy in D:\workspace\ms)
2019-07-04 20:39:57,523 INFO  [restartedMain] com.moon.ms.MSApplication : No active profile set, falling back to default profiles: default
2019-07-04 20:39:57,719 INFO  [restartedMain] org.springframework.boot.context.embedded.AnnotationConfigEmbeddedWebApplicationContext : Refreshing org.springframework.boot.context.embedded.AnnotationConfigEmbeddedWebApplicationContext@6b56575c: startup date [Thu Jul 04 20:39:57 CST 2019]; root of context hierarchy
2019-07-04 20:39:58,676 WARN  [restartedMain] org.mybatis.spring.mapper.ClassPathMapperScanner : No MyBatis mapper was found in '[com.moon.ms]' package. Please check your configuration.
2019-07-04 20:39:59,128 INFO  [restartedMain] org.springframework.context.support.PostProcessorRegistrationDelegate$BeanPostProcessorChecker : Bean 'org.springframework.transaction.annotation.ProxyTransactionManagementConfiguration' of type [org.springframework.transaction.annotation.ProxyTransactionManagementConfiguration$$EnhancerBySpringCGLIB$$ae28980a] is not eligible for getting processed by all BeanPostProcessors (for example: not eligible for auto-proxying)
2019-07-04 20:39:59,629 INFO  [restartedMain] org.springframework.boot.context.embedded.tomcat.TomcatEmbeddedServletContainer : Tomcat initialized with port(s): 9010 (http)
2019-07-04 20:39:59,638 INFO  [restartedMain] org.apache.catalina.core.StandardService : Starting service [Tomcat]
2019-07-04 20:39:59,639 INFO  [restartedMain] org.apache.catalina.core.StandardEngine : Starting Servlet Engine: Apache Tomcat/8.5.15
2019-07-04 20:39:59,720 INFO  [localhost-startStop-1] org.apache.catalina.core.ContainerBase.[Tomcat].[localhost].[/] : Initializing Spring embedded WebApplicationContext
2019-07-04 20:39:59,720 INFO  [localhost-startStop-1] org.springframework.web.context.ContextLoader : Root WebApplicationContext: initialization completed in 2004 ms
2019-07-04 20:39:59,950 INFO  [localhost-startStop-1] org.springframework.boot.web.servlet.ServletRegistrationBean : Mapping servlet: 'dispatcherServlet' to [/]
2019-07-04 20:39:59,956 INFO  [localhost-startStop-1] org.springframework.boot.web.servlet.FilterRegistrationBean : Mapping filter: 'metricsFilter' to: [/*]
2019-07-04 20:39:59,956 INFO  [localhost-startStop-1] org.springframework.boot.web.servlet.FilterRegistrationBean : Mapping filter: 'characterEncodingFilter' to: [/*]
2019-07-04 20:39:59,956 INFO  [localhost-startStop-1] org.springframework.boot.web.servlet.FilterRegistrationBean : Mapping filter: 'hiddenHttpMethodFilter' to: [/*]
2019-07-04 20:39:59,956 INFO  [localhost-startStop-1] org.springframework.boot.web.servlet.FilterRegistrationBean : Mapping filter: 'httpPutFormContentFilter' to: [/*]
2019-07-04 20:39:59,956 INFO  [localhost-startStop-1] org.springframework.boot.web.servlet.FilterRegistrationBean : Mapping filter: 'requestContextFilter' to: [/*]
2019-07-04 20:39:59,957 INFO  [localhost-startStop-1] org.springframework.boot.web.servlet.FilterRegistrationBean : Mapping filter: 'webRequestLoggingFilter' to: [/*]
2019-07-04 20:39:59,957 INFO  [localhost-startStop-1] org.springframework.boot.web.servlet.FilterRegistrationBean : Mapping filter: 'applicationContextIdFilter' to: [/*]
2019-07-04 20:40:00,353 INFO  [restartedMain] org.springframework.web.servlet.mvc.method.annotation.RequestMappingHandlerMapping : Mapped "{[/swagger-resources/configuration/ui]}" onto public org.springframework.http.ResponseEntity<springfox.documentation.swagger.web.UiConfiguration> springfox.documentation.swagger.web.ApiResourceController.uiConfiguration()
2019-07-04 20:40:00,354 INFO  [restartedMain] org.springframework.web.servlet.mvc.method.annotation.RequestMappingHandlerMapping : Mapped "{[/swagger-resources]}" onto public org.springframework.http.ResponseEntity<java.util.List<springfox.documentation.swagger.web.SwaggerResource>> springfox.documentation.swagger.web.ApiResourceController.swaggerResources()
2019-07-04 20:40:00,354 INFO  [restartedMain] org.springframework.web.servlet.mvc.method.annotation.RequestMappingHandlerMapping : Mapped "{[/swagger-resources/configuration/security]}" onto public org.springframework.http.ResponseEntity<springfox.documentation.swagger.web.SecurityConfiguration> springfox.documentation.swagger.web.ApiResourceController.securityConfiguration()
2019-07-04 20:40:00,356 INFO  [restartedMain] org.springframework.web.servlet.mvc.method.annotation.RequestMappingHandlerMapping : Mapped "{[/error]}" onto public org.springframework.http.ResponseEntity<java.util.Map<java.lang.String, java.lang.Object>> org.springframework.boot.autoconfigure.web.BasicErrorController.error(javax.servlet.http.HttpServletRequest)
2019-07-04 20:40:00,357 INFO  [restartedMain] org.springframework.web.servlet.mvc.method.annotation.RequestMappingHandlerMapping : Mapped "{[/error],produces=[text/html]}" onto public org.springframework.web.servlet.ModelAndView org.springframework.boot.autoconfigure.web.BasicErrorController.errorHtml(javax.servlet.http.HttpServletRequest,javax.servlet.http.HttpServletResponse)
2019-07-04 20:40:00,403 WARN  [restartedMain] org.springframework.boot.context.embedded.AnnotationConfigEmbeddedWebApplicationContext : Exception encountered during context initialization - cancelling refresh attempt: org.springframework.beans.factory.UnsatisfiedDependencyException: Error creating bean with name 'documentationPluginsBootstrapper' defined in URL [jar:file:/D:/Users/lengkristy/.m2/repository/io/springfox/springfox-spring-web/2.9.1/springfox-spring-web-2.9.1.jar!/springfox/documentation/spring/web/plugins/DocumentationPluginsBootstrapper.class]: Unsatisfied dependency expressed through constructor parameter 1; nested exception is org.springframework.beans.factory.UnsatisfiedDependencyException: Error creating bean with name 'webMvcRequestHandlerProvider' defined in URL [jar:file:/D:/Users/lengkristy/.m2/repository/io/springfox/springfox-spring-web/2.9.1/springfox-spring-web-2.9.1.jar!/springfox/documentation/spring/web/plugins/WebMvcRequestHandlerProvider.class]: Unsatisfied dependency expressed through constructor parameter 1; nested exception is org.springframework.beans.factory.BeanCreationException: Error creating bean with name 'endpointHandlerMapping' defined in class path resource [org/springframework/boot/actuate/autoconfigure/EndpointWebMvcManagementContextConfiguration.class]: Bean instantiation via factory method failed; nested exception is org.springframework.beans.BeanInstantiationException: Failed to instantiate [org.springframework.boot.actuate.endpoint.mvc.EndpointHandlerMapping]: Factory method 'endpointHandlerMapping' threw exception; nested exception is org.springframework.beans.factory.BeanCreationException: Error creating bean with name 'mvcEndpoints' defined in class path resource [org/springframework/boot/actuate/autoconfigure/EndpointWebMvcManagementContextConfiguration.class]: Invocation of init method failed; nested exception is org.springframework.beans.factory.UnsatisfiedDependencyException: Error creating bean with name 'environmentMvcEndpoint' defined in class path resource [org/springframework/boot/actuate/autoconfigure/EndpointWebMvcManagementContextConfiguration.class]: Unsatisfied dependency expressed through method 'environmentMvcEndpoint' parameter 0; nested exception is org.springframework.beans.factory.BeanCreationException: Error creating bean with name 'org.springframework.boot.actuate.autoconfigure.EndpointAutoConfiguration': Bean instantiation via constructor failed; nested exception is org.springframework.beans.BeanInstantiationException: Failed to instantiate [org.springframework.boot.actuate.autoconfigure.EndpointAutoConfiguration$$EnhancerBySpringCGLIB$$bc31d236]: Constructor threw exception; nested exception is org.springframework.beans.factory.BeanCreationException: Error creating bean with name 'org.springframework.boot.actuate.autoconfigure.HealthIndicatorAutoConfiguration$DataSourcesHealthIndicatorConfiguration': Bean instantiation via constructor failed; nested exception is org.springframework.beans.BeanInstantiationException: Failed to instantiate [org.springframework.boot.actuate.autoconfigure.HealthIndicatorAutoConfiguration$DataSourcesHealthIndicatorConfiguration$$EnhancerBySpringCGLIB$$e714f23b]: Constructor threw exception; nested exception is org.springframework.beans.factory.BeanCreationException: Error creating bean with name 'dataSource' defined in class path resource [org/springframework/boot/autoconfigure/jdbc/DataSourceConfiguration$Tomcat.class]: Bean instantiation via factory method failed; nested exception is org.springframework.beans.BeanInstantiationException: Failed to instantiate [org.apache.tomcat.jdbc.pool.DataSource]: Factory method 'dataSource' threw exception; nested exception is org.springframework.boot.autoconfigure.jdbc.DataSourceProperties$DataSourceBeanCreationException: Cannot determine embedded database driver class for database type NONE. If you want an embedded database please put a supported one on the classpath. If you have database settings to be loaded from a particular profile you may need to active it (no profiles are currently active).
2019-07-04 20:40:00,406 INFO  [restartedMain] org.apache.catalina.core.StandardService : Stopping service [Tomcat]
2019-07-04 20:40:00,462 WARN  [localhost-startStop-1] org.apache.catalina.loader.WebappClassLoaderBase : The web application [ROOT] appears to have started a thread named [Abandoned connection cleanup thread] but has failed to stop it. This is very likely to create a memory leak. Stack trace of thread:
 java.lang.Object.wait(Native Method)
 java.lang.ref.ReferenceQueue.remove(ReferenceQueue.java:143)
 com.mysql.cj.jdbc.AbandonedConnectionCleanupThread.run(AbandonedConnectionCleanupThread.java:43)
2019-07-04 20:40:00,471 INFO  [restartedMain] org.springframework.boot.autoconfigure.logging.AutoConfigurationReportLoggingInitializer : 

Error starting ApplicationContext. To display the auto-configuration report re-run your application with 'debug' enabled.
2019-07-04 20:40:00,474 ERROR [restartedMain] org.springframework.boot.diagnostics.LoggingFailureAnalysisReporter : 

***************************
APPLICATION FAILED TO START
***************************

Description:

Cannot determine embedded database driver class for database type NONE

Action:

If you want an embedded database please put a supported one on the classpath. If you have database settings to be loaded from a particular profile you may need to active it (no profiles are currently active).

2019-07-04 20:41:34,092 INFO  [restartedMain] com.moon.ms.MSApplication : Starting MSApplication on DESKTOP-FS0J07O with PID 24228 (D:\workspace\ms\target\classes started by lengkristy in D:\workspace\ms)
2019-07-04 20:41:34,093 INFO  [restartedMain] com.moon.ms.MSApplication : No active profile set, falling back to default profiles: default
2019-07-04 20:41:34,270 INFO  [restartedMain] org.springframework.boot.context.embedded.AnnotationConfigEmbeddedWebApplicationContext : Refreshing org.springframework.boot.context.embedded.AnnotationConfigEmbeddedWebApplicationContext@72fd78e8: startup date [Thu Jul 04 20:41:34 CST 2019]; root of context hierarchy
2019-07-04 20:41:35,191 WARN  [restartedMain] org.mybatis.spring.mapper.ClassPathMapperScanner : No MyBatis mapper was found in '[com.moon.ms]' package. Please check your configuration.
2019-07-04 20:41:35,683 INFO  [restartedMain] org.springframework.context.support.PostProcessorRegistrationDelegate$BeanPostProcessorChecker : Bean 'org.springframework.transaction.annotation.ProxyTransactionManagementConfiguration' of type [org.springframework.transaction.annotation.ProxyTransactionManagementConfiguration$$EnhancerBySpringCGLIB$$4a0062f2] is not eligible for getting processed by all BeanPostProcessors (for example: not eligible for auto-proxying)
2019-07-04 20:41:36,163 INFO  [restartedMain] org.springframework.boot.context.embedded.tomcat.TomcatEmbeddedServletContainer : Tomcat initialized with port(s): 9010 (http)
2019-07-04 20:41:36,172 INFO  [restartedMain] org.apache.catalina.core.StandardService : Starting service [Tomcat]
2019-07-04 20:41:36,173 INFO  [restartedMain] org.apache.catalina.core.StandardEngine : Starting Servlet Engine: Apache Tomcat/8.5.15
2019-07-04 20:41:36,263 INFO  [localhost-startStop-1] org.apache.catalina.core.ContainerBase.[Tomcat].[localhost].[/] : Initializing Spring embedded WebApplicationContext
2019-07-04 20:41:36,263 INFO  [localhost-startStop-1] org.springframework.web.context.ContextLoader : Root WebApplicationContext: initialization completed in 1996 ms
2019-07-04 20:41:36,483 INFO  [localhost-startStop-1] org.springframework.boot.web.servlet.ServletRegistrationBean : Mapping servlet: 'dispatcherServlet' to [/]
2019-07-04 20:41:36,486 INFO  [localhost-startStop-1] org.springframework.boot.web.servlet.FilterRegistrationBean : Mapping filter: 'metricsFilter' to: [/*]
2019-07-04 20:41:36,486 INFO  [localhost-startStop-1] org.springframework.boot.web.servlet.FilterRegistrationBean : Mapping filter: 'characterEncodingFilter' to: [/*]
2019-07-04 20:41:36,486 INFO  [localhost-startStop-1] org.springframework.boot.web.servlet.FilterRegistrationBean : Mapping filter: 'hiddenHttpMethodFilter' to: [/*]
2019-07-04 20:41:36,487 INFO  [localhost-startStop-1] org.springframework.boot.web.servlet.FilterRegistrationBean : Mapping filter: 'httpPutFormContentFilter' to: [/*]
2019-07-04 20:41:36,487 INFO  [localhost-startStop-1] org.springframework.boot.web.servlet.FilterRegistrationBean : Mapping filter: 'requestContextFilter' to: [/*]
2019-07-04 20:41:36,487 INFO  [localhost-startStop-1] org.springframework.boot.web.servlet.FilterRegistrationBean : Mapping filter: 'webRequestLoggingFilter' to: [/*]
2019-07-04 20:41:36,487 INFO  [localhost-startStop-1] org.springframework.boot.web.servlet.FilterRegistrationBean : Mapping filter: 'applicationContextIdFilter' to: [/*]
2019-07-04 20:41:36,892 INFO  [restartedMain] org.springframework.web.servlet.mvc.method.annotation.RequestMappingHandlerMapping : Mapped "{[/swagger-resources]}" onto public org.springframework.http.ResponseEntity<java.util.List<springfox.documentation.swagger.web.SwaggerResource>> springfox.documentation.swagger.web.ApiResourceController.swaggerResources()
2019-07-04 20:41:36,893 INFO  [restartedMain] org.springframework.web.servlet.mvc.method.annotation.RequestMappingHandlerMapping : Mapped "{[/swagger-resources/configuration/ui]}" onto public org.springframework.http.ResponseEntity<springfox.documentation.swagger.web.UiConfiguration> springfox.documentation.swagger.web.ApiResourceController.uiConfiguration()
2019-07-04 20:41:36,893 INFO  [restartedMain] org.springframework.web.servlet.mvc.method.annotation.RequestMappingHandlerMapping : Mapped "{[/swagger-resources/configuration/security]}" onto public org.springframework.http.ResponseEntity<springfox.documentation.swagger.web.SecurityConfiguration> springfox.documentation.swagger.web.ApiResourceController.securityConfiguration()
2019-07-04 20:41:36,895 INFO  [restartedMain] org.springframework.web.servlet.mvc.method.annotation.RequestMappingHandlerMapping : Mapped "{[/error]}" onto public org.springframework.http.ResponseEntity<java.util.Map<java.lang.String, java.lang.Object>> org.springframework.boot.autoconfigure.web.BasicErrorController.error(javax.servlet.http.HttpServletRequest)
2019-07-04 20:41:36,896 INFO  [restartedMain] org.springframework.web.servlet.mvc.method.annotation.RequestMappingHandlerMapping : Mapped "{[/error],produces=[text/html]}" onto public org.springframework.web.servlet.ModelAndView org.springframework.boot.autoconfigure.web.BasicErrorController.errorHtml(javax.servlet.http.HttpServletRequest,javax.servlet.http.HttpServletResponse)
2019-07-04 20:41:36,941 WARN  [restartedMain] org.springframework.boot.context.embedded.AnnotationConfigEmbeddedWebApplicationContext : Exception encountered during context initialization - cancelling refresh attempt: org.springframework.beans.factory.UnsatisfiedDependencyException: Error creating bean with name 'documentationPluginsBootstrapper' defined in URL [jar:file:/D:/Users/lengkristy/.m2/repository/io/springfox/springfox-spring-web/2.9.1/springfox-spring-web-2.9.1.jar!/springfox/documentation/spring/web/plugins/DocumentationPluginsBootstrapper.class]: Unsatisfied dependency expressed through constructor parameter 1; nested exception is org.springframework.beans.factory.UnsatisfiedDependencyException: Error creating bean with name 'webMvcRequestHandlerProvider' defined in URL [jar:file:/D:/Users/lengkristy/.m2/repository/io/springfox/springfox-spring-web/2.9.1/springfox-spring-web-2.9.1.jar!/springfox/documentation/spring/web/plugins/WebMvcRequestHandlerProvider.class]: Unsatisfied dependency expressed through constructor parameter 1; nested exception is org.springframework.beans.factory.BeanCreationException: Error creating bean with name 'endpointHandlerMapping' defined in class path resource [org/springframework/boot/actuate/autoconfigure/EndpointWebMvcManagementContextConfiguration.class]: Bean instantiation via factory method failed; nested exception is org.springframework.beans.BeanInstantiationException: Failed to instantiate [org.springframework.boot.actuate.endpoint.mvc.EndpointHandlerMapping]: Factory method 'endpointHandlerMapping' threw exception; nested exception is org.springframework.beans.factory.BeanCreationException: Error creating bean with name 'mvcEndpoints' defined in class path resource [org/springframework/boot/actuate/autoconfigure/EndpointWebMvcManagementContextConfiguration.class]: Invocation of init method failed; nested exception is org.springframework.beans.factory.UnsatisfiedDependencyException: Error creating bean with name 'environmentMvcEndpoint' defined in class path resource [org/springframework/boot/actuate/autoconfigure/EndpointWebMvcManagementContextConfiguration.class]: Unsatisfied dependency expressed through method 'environmentMvcEndpoint' parameter 0; nested exception is org.springframework.beans.factory.BeanCreationException: Error creating bean with name 'org.springframework.boot.actuate.autoconfigure.EndpointAutoConfiguration': Bean instantiation via constructor failed; nested exception is org.springframework.beans.BeanInstantiationException: Failed to instantiate [org.springframework.boot.actuate.autoconfigure.EndpointAutoConfiguration$$EnhancerBySpringCGLIB$$58099d1e]: Constructor threw exception; nested exception is org.springframework.beans.factory.BeanCreationException: Error creating bean with name 'org.springframework.boot.actuate.autoconfigure.HealthIndicatorAutoConfiguration$DataSourcesHealthIndicatorConfiguration': Bean instantiation via constructor failed; nested exception is org.springframework.beans.BeanInstantiationException: Failed to instantiate [org.springframework.boot.actuate.autoconfigure.HealthIndicatorAutoConfiguration$DataSourcesHealthIndicatorConfiguration$$EnhancerBySpringCGLIB$$82ecbd23]: Constructor threw exception; nested exception is org.springframework.beans.factory.BeanCreationException: Error creating bean with name 'dataSource' defined in class path resource [org/springframework/boot/autoconfigure/jdbc/DataSourceConfiguration$Tomcat.class]: Bean instantiation via factory method failed; nested exception is org.springframework.beans.BeanInstantiationException: Failed to instantiate [org.apache.tomcat.jdbc.pool.DataSource]: Factory method 'dataSource' threw exception; nested exception is org.springframework.boot.autoconfigure.jdbc.DataSourceProperties$DataSourceBeanCreationException: Cannot determine embedded database driver class for database type NONE. If you want an embedded database please put a supported one on the classpath. If you have database settings to be loaded from a particular profile you may need to active it (no profiles are currently active).
2019-07-04 20:41:36,944 INFO  [restartedMain] org.apache.catalina.core.StandardService : Stopping service [Tomcat]
2019-07-04 20:41:36,958 INFO  [restartedMain] org.springframework.boot.autoconfigure.logging.AutoConfigurationReportLoggingInitializer : 

Error starting ApplicationContext. To display the auto-configuration report re-run your application with 'debug' enabled.
2019-07-04 20:41:37,017 ERROR [restartedMain] org.springframework.boot.diagnostics.LoggingFailureAnalysisReporter : 

***************************
APPLICATION FAILED TO START
***************************

Description:

Cannot determine embedded database driver class for database type NONE

Action:

If you want an embedded database please put a supported one on the classpath. If you have database settings to be loaded from a particular profile you may need to active it (no profiles are currently active).

2019-07-04 20:41:54,500 INFO  [restartedMain] com.moon.ms.MSApplication : Starting MSApplication on DESKTOP-FS0J07O with PID 11788 (D:\workspace\ms\target\classes started by lengkristy in D:\workspace\ms)
2019-07-04 20:41:54,501 INFO  [restartedMain] com.moon.ms.MSApplication : No active profile set, falling back to default profiles: default
2019-07-04 20:41:54,719 INFO  [restartedMain] org.springframework.boot.context.embedded.AnnotationConfigEmbeddedWebApplicationContext : Refreshing org.springframework.boot.context.embedded.AnnotationConfigEmbeddedWebApplicationContext@1f5194cb: startup date [Thu Jul 04 20:41:54 CST 2019]; root of context hierarchy
2019-07-04 20:41:55,701 WARN  [restartedMain] org.mybatis.spring.mapper.ClassPathMapperScanner : No MyBatis mapper was found in '[com.moon.ms]' package. Please check your configuration.
2019-07-04 20:41:56,208 INFO  [restartedMain] org.springframework.context.support.PostProcessorRegistrationDelegate$BeanPostProcessorChecker : Bean 'org.springframework.transaction.annotation.ProxyTransactionManagementConfiguration' of type [org.springframework.transaction.annotation.ProxyTransactionManagementConfiguration$$EnhancerBySpringCGLIB$$13d585af] is not eligible for getting processed by all BeanPostProcessors (for example: not eligible for auto-proxying)
2019-07-04 20:41:56,699 INFO  [restartedMain] org.springframework.boot.context.embedded.tomcat.TomcatEmbeddedServletContainer : Tomcat initialized with port(s): 9010 (http)
2019-07-04 20:41:56,709 INFO  [restartedMain] org.apache.catalina.core.StandardService : Starting service [Tomcat]
2019-07-04 20:41:56,709 INFO  [restartedMain] org.apache.catalina.core.StandardEngine : Starting Servlet Engine: Apache Tomcat/8.5.15
2019-07-04 20:41:56,789 INFO  [localhost-startStop-1] org.apache.catalina.core.ContainerBase.[Tomcat].[localhost].[/] : Initializing Spring embedded WebApplicationContext
2019-07-04 20:41:56,789 INFO  [localhost-startStop-1] org.springframework.web.context.ContextLoader : Root WebApplicationContext: initialization completed in 2072 ms
2019-07-04 20:41:56,986 INFO  [localhost-startStop-1] org.springframework.boot.web.servlet.ServletRegistrationBean : Mapping servlet: 'dispatcherServlet' to [/]
2019-07-04 20:41:56,989 INFO  [localhost-startStop-1] org.springframework.boot.web.servlet.FilterRegistrationBean : Mapping filter: 'metricsFilter' to: [/*]
2019-07-04 20:41:56,990 INFO  [localhost-startStop-1] org.springframework.boot.web.servlet.FilterRegistrationBean : Mapping filter: 'characterEncodingFilter' to: [/*]
2019-07-04 20:41:56,990 INFO  [localhost-startStop-1] org.springframework.boot.web.servlet.FilterRegistrationBean : Mapping filter: 'hiddenHttpMethodFilter' to: [/*]
2019-07-04 20:41:56,990 INFO  [localhost-startStop-1] org.springframework.boot.web.servlet.FilterRegistrationBean : Mapping filter: 'httpPutFormContentFilter' to: [/*]
2019-07-04 20:41:56,990 INFO  [localhost-startStop-1] org.springframework.boot.web.servlet.FilterRegistrationBean : Mapping filter: 'requestContextFilter' to: [/*]
2019-07-04 20:41:56,990 INFO  [localhost-startStop-1] org.springframework.boot.web.servlet.FilterRegistrationBean : Mapping filter: 'webRequestLoggingFilter' to: [/*]
2019-07-04 20:41:56,990 INFO  [localhost-startStop-1] org.springframework.boot.web.servlet.FilterRegistrationBean : Mapping filter: 'applicationContextIdFilter' to: [/*]
2019-07-04 20:41:57,391 INFO  [restartedMain] org.springframework.web.servlet.mvc.method.annotation.RequestMappingHandlerMapping : Mapped "{[/swagger-resources]}" onto public org.springframework.http.ResponseEntity<java.util.List<springfox.documentation.swagger.web.SwaggerResource>> springfox.documentation.swagger.web.ApiResourceController.swaggerResources()
2019-07-04 20:41:57,392 INFO  [restartedMain] org.springframework.web.servlet.mvc.method.annotation.RequestMappingHandlerMapping : Mapped "{[/swagger-resources/configuration/ui]}" onto public org.springframework.http.ResponseEntity<springfox.documentation.swagger.web.UiConfiguration> springfox.documentation.swagger.web.ApiResourceController.uiConfiguration()
2019-07-04 20:41:57,393 INFO  [restartedMain] org.springframework.web.servlet.mvc.method.annotation.RequestMappingHandlerMapping : Mapped "{[/swagger-resources/configuration/security]}" onto public org.springframework.http.ResponseEntity<springfox.documentation.swagger.web.SecurityConfiguration> springfox.documentation.swagger.web.ApiResourceController.securityConfiguration()
2019-07-04 20:41:57,395 INFO  [restartedMain] org.springframework.web.servlet.mvc.method.annotation.RequestMappingHandlerMapping : Mapped "{[/error]}" onto public org.springframework.http.ResponseEntity<java.util.Map<java.lang.String, java.lang.Object>> org.springframework.boot.autoconfigure.web.BasicErrorController.error(javax.servlet.http.HttpServletRequest)
2019-07-04 20:41:57,396 INFO  [restartedMain] org.springframework.web.servlet.mvc.method.annotation.RequestMappingHandlerMapping : Mapped "{[/error],produces=[text/html]}" onto public org.springframework.web.servlet.ModelAndView org.springframework.boot.autoconfigure.web.BasicErrorController.errorHtml(javax.servlet.http.HttpServletRequest,javax.servlet.http.HttpServletResponse)
2019-07-04 20:41:57,459 WARN  [restartedMain] org.springframework.boot.context.embedded.AnnotationConfigEmbeddedWebApplicationContext : Exception encountered during context initialization - cancelling refresh attempt: org.springframework.beans.factory.UnsatisfiedDependencyException: Error creating bean with name 'documentationPluginsBootstrapper' defined in URL [jar:file:/D:/Users/lengkristy/.m2/repository/io/springfox/springfox-spring-web/2.9.1/springfox-spring-web-2.9.1.jar!/springfox/documentation/spring/web/plugins/DocumentationPluginsBootstrapper.class]: Unsatisfied dependency expressed through constructor parameter 1; nested exception is org.springframework.beans.factory.UnsatisfiedDependencyException: Error creating bean with name 'webMvcRequestHandlerProvider' defined in URL [jar:file:/D:/Users/lengkristy/.m2/repository/io/springfox/springfox-spring-web/2.9.1/springfox-spring-web-2.9.1.jar!/springfox/documentation/spring/web/plugins/WebMvcRequestHandlerProvider.class]: Unsatisfied dependency expressed through constructor parameter 1; nested exception is org.springframework.beans.factory.BeanCreationException: Error creating bean with name 'endpointHandlerMapping' defined in class path resource [org/springframework/boot/actuate/autoconfigure/EndpointWebMvcManagementContextConfiguration.class]: Bean instantiation via factory method failed; nested exception is org.springframework.beans.BeanInstantiationException: Failed to instantiate [org.springframework.boot.actuate.endpoint.mvc.EndpointHandlerMapping]: Factory method 'endpointHandlerMapping' threw exception; nested exception is org.springframework.beans.factory.BeanCreationException: Error creating bean with name 'mvcEndpoints' defined in class path resource [org/springframework/boot/actuate/autoconfigure/EndpointWebMvcManagementContextConfiguration.class]: Invocation of init method failed; nested exception is org.springframework.beans.factory.UnsatisfiedDependencyException: Error creating bean with name 'environmentMvcEndpoint' defined in class path resource [org/springframework/boot/actuate/autoconfigure/EndpointWebMvcManagementContextConfiguration.class]: Unsatisfied dependency expressed through method 'environmentMvcEndpoint' parameter 0; nested exception is org.springframework.beans.factory.BeanCreationException: Error creating bean with name 'org.springframework.boot.actuate.autoconfigure.EndpointAutoConfiguration': Bean instantiation via constructor failed; nested exception is org.springframework.beans.BeanInstantiationException: Failed to instantiate [org.springframework.boot.actuate.autoconfigure.EndpointAutoConfiguration$$EnhancerBySpringCGLIB$$21debfdb]: Constructor threw exception; nested exception is org.springframework.beans.factory.BeanCreationException: Error creating bean with name 'org.springframework.boot.actuate.autoconfigure.HealthIndicatorAutoConfiguration$DataSourcesHealthIndicatorConfiguration': Bean instantiation via constructor failed; nested exception is org.springframework.beans.BeanInstantiationException: Failed to instantiate [org.springframework.boot.actuate.autoconfigure.HealthIndicatorAutoConfiguration$DataSourcesHealthIndicatorConfiguration$$EnhancerBySpringCGLIB$$4cc1dfe0]: Constructor threw exception; nested exception is org.springframework.beans.factory.BeanCreationException: Error creating bean with name 'dataSource' defined in class path resource [org/springframework/boot/autoconfigure/jdbc/DataSourceConfiguration$Tomcat.class]: Bean instantiation via factory method failed; nested exception is org.springframework.beans.BeanInstantiationException: Failed to instantiate [org.apache.tomcat.jdbc.pool.DataSource]: Factory method 'dataSource' threw exception; nested exception is org.springframework.boot.autoconfigure.jdbc.DataSourceProperties$DataSourceBeanCreationException: Cannot determine embedded database driver class for database type NONE. If you want an embedded database please put a supported one on the classpath. If you have database settings to be loaded from a particular profile you may need to active it (no profiles are currently active).
2019-07-04 20:41:57,461 INFO  [restartedMain] org.apache.catalina.core.StandardService : Stopping service [Tomcat]
2019-07-04 20:41:57,534 INFO  [restartedMain] org.springframework.boot.autoconfigure.logging.AutoConfigurationReportLoggingInitializer : 

Error starting ApplicationContext. To display the auto-configuration report re-run your application with 'debug' enabled.
2019-07-04 20:41:57,536 ERROR [restartedMain] org.springframework.boot.diagnostics.LoggingFailureAnalysisReporter : 

***************************
APPLICATION FAILED TO START
***************************

Description:

Cannot determine embedded database driver class for database type NONE

Action:

If you want an embedded database please put a supported one on the classpath. If you have database settings to be loaded from a particular profile you may need to active it (no profiles are currently active).

2019-07-04 20:55:49,770 INFO  [restartedMain] com.moon.ms.MSApplication : Starting MSApplication on DESKTOP-FS0J07O with PID 16144 (D:\workspace\ms\target\classes started by lengkristy in D:\workspace\ms)
2019-07-04 20:55:49,771 INFO  [restartedMain] com.moon.ms.MSApplication : No active profile set, falling back to default profiles: default
2019-07-04 20:55:49,959 INFO  [restartedMain] org.springframework.boot.context.embedded.AnnotationConfigEmbeddedWebApplicationContext : Refreshing org.springframework.boot.context.embedded.AnnotationConfigEmbeddedWebApplicationContext@4cf87936: startup date [Thu Jul 04 20:55:49 CST 2019]; root of context hierarchy
2019-07-04 20:55:50,868 WARN  [restartedMain] org.mybatis.spring.mapper.ClassPathMapperScanner : No MyBatis mapper was found in '[com.moon.ms]' package. Please check your configuration.
2019-07-04 20:55:51,331 INFO  [restartedMain] org.springframework.context.support.PostProcessorRegistrationDelegate$BeanPostProcessorChecker : Bean 'org.springframework.transaction.annotation.ProxyTransactionManagementConfiguration' of type [org.springframework.transaction.annotation.ProxyTransactionManagementConfiguration$$EnhancerBySpringCGLIB$$6712014c] is not eligible for getting processed by all BeanPostProcessors (for example: not eligible for auto-proxying)
2019-07-04 20:55:51,808 INFO  [restartedMain] org.springframework.boot.context.embedded.tomcat.TomcatEmbeddedServletContainer : Tomcat initialized with port(s): 9010 (http)
2019-07-04 20:55:51,817 INFO  [restartedMain] org.apache.catalina.core.StandardService : Starting service [Tomcat]
2019-07-04 20:55:51,818 INFO  [restartedMain] org.apache.catalina.core.StandardEngine : Starting Servlet Engine: Apache Tomcat/8.5.15
2019-07-04 20:55:51,911 INFO  [localhost-startStop-1] org.apache.catalina.core.ContainerBase.[Tomcat].[localhost].[/] : Initializing Spring embedded WebApplicationContext
2019-07-04 20:55:51,911 INFO  [localhost-startStop-1] org.springframework.web.context.ContextLoader : Root WebApplicationContext: initialization completed in 1954 ms
2019-07-04 20:55:52,129 INFO  [localhost-startStop-1] org.springframework.boot.web.servlet.ServletRegistrationBean : Mapping servlet: 'dispatcherServlet' to [/]
2019-07-04 20:55:52,133 INFO  [localhost-startStop-1] org.springframework.boot.web.servlet.FilterRegistrationBean : Mapping filter: 'metricsFilter' to: [/*]
2019-07-04 20:55:52,133 INFO  [localhost-startStop-1] org.springframework.boot.web.servlet.FilterRegistrationBean : Mapping filter: 'characterEncodingFilter' to: [/*]
2019-07-04 20:55:52,133 INFO  [localhost-startStop-1] org.springframework.boot.web.servlet.FilterRegistrationBean : Mapping filter: 'hiddenHttpMethodFilter' to: [/*]
2019-07-04 20:55:52,133 INFO  [localhost-startStop-1] org.springframework.boot.web.servlet.FilterRegistrationBean : Mapping filter: 'httpPutFormContentFilter' to: [/*]
2019-07-04 20:55:52,133 INFO  [localhost-startStop-1] org.springframework.boot.web.servlet.FilterRegistrationBean : Mapping filter: 'requestContextFilter' to: [/*]
2019-07-04 20:55:52,133 INFO  [localhost-startStop-1] org.springframework.boot.web.servlet.FilterRegistrationBean : Mapping filter: 'webRequestLoggingFilter' to: [/*]
2019-07-04 20:55:52,133 INFO  [localhost-startStop-1] org.springframework.boot.web.servlet.FilterRegistrationBean : Mapping filter: 'applicationContextIdFilter' to: [/*]
2019-07-04 20:55:52,557 INFO  [restartedMain] org.springframework.web.servlet.mvc.method.annotation.RequestMappingHandlerMapping : Mapped "{[/swagger-resources/configuration/security]}" onto public org.springframework.http.ResponseEntity<springfox.documentation.swagger.web.SecurityConfiguration> springfox.documentation.swagger.web.ApiResourceController.securityConfiguration()
2019-07-04 20:55:52,558 INFO  [restartedMain] org.springframework.web.servlet.mvc.method.annotation.RequestMappingHandlerMapping : Mapped "{[/swagger-resources]}" onto public org.springframework.http.ResponseEntity<java.util.List<springfox.documentation.swagger.web.SwaggerResource>> springfox.documentation.swagger.web.ApiResourceController.swaggerResources()
2019-07-04 20:55:52,558 INFO  [restartedMain] org.springframework.web.servlet.mvc.method.annotation.RequestMappingHandlerMapping : Mapped "{[/swagger-resources/configuration/ui]}" onto public org.springframework.http.ResponseEntity<springfox.documentation.swagger.web.UiConfiguration> springfox.documentation.swagger.web.ApiResourceController.uiConfiguration()
2019-07-04 20:55:52,560 INFO  [restartedMain] org.springframework.web.servlet.mvc.method.annotation.RequestMappingHandlerMapping : Mapped "{[/error]}" onto public org.springframework.http.ResponseEntity<java.util.Map<java.lang.String, java.lang.Object>> org.springframework.boot.autoconfigure.web.BasicErrorController.error(javax.servlet.http.HttpServletRequest)
2019-07-04 20:55:52,561 INFO  [restartedMain] org.springframework.web.servlet.mvc.method.annotation.RequestMappingHandlerMapping : Mapped "{[/error],produces=[text/html]}" onto public org.springframework.web.servlet.ModelAndView org.springframework.boot.autoconfigure.web.BasicErrorController.errorHtml(javax.servlet.http.HttpServletRequest,javax.servlet.http.HttpServletResponse)
2019-07-04 20:55:52,923 INFO  [restartedMain] org.springframework.boot.actuate.endpoint.mvc.EndpointHandlerMapping : Mapped "{[/beans || /beans.json],methods=[GET],produces=[application/vnd.spring-boot.actuator.v1+json || application/json]}" onto public java.lang.Object org.springframework.boot.actuate.endpoint.mvc.EndpointMvcAdapter.invoke()
2019-07-04 20:55:52,924 INFO  [restartedMain] org.springframework.boot.actuate.endpoint.mvc.EndpointHandlerMapping : Mapped "{[/dump || /dump.json],methods=[GET],produces=[application/vnd.spring-boot.actuator.v1+json || application/json]}" onto public java.lang.Object org.springframework.boot.actuate.endpoint.mvc.EndpointMvcAdapter.invoke()
2019-07-04 20:55:52,924 INFO  [restartedMain] org.springframework.boot.actuate.endpoint.mvc.EndpointHandlerMapping : Mapped "{[/mappings || /mappings.json],methods=[GET],produces=[application/vnd.spring-boot.actuator.v1+json || application/json]}" onto public java.lang.Object org.springframework.boot.actuate.endpoint.mvc.EndpointMvcAdapter.invoke()
2019-07-04 20:55:52,925 INFO  [restartedMain] org.springframework.boot.actuate.endpoint.mvc.EndpointHandlerMapping : Mapped "{[/health || /health.json],methods=[GET],produces=[application/vnd.spring-boot.actuator.v1+json || application/json]}" onto public java.lang.Object org.springframework.boot.actuate.endpoint.mvc.HealthMvcEndpoint.invoke(javax.servlet.http.HttpServletRequest,java.security.Principal)
2019-07-04 20:55:52,926 INFO  [restartedMain] org.springframework.boot.actuate.endpoint.mvc.EndpointHandlerMapping : Mapped "{[/auditevents || /auditevents.json],methods=[GET],produces=[application/vnd.spring-boot.actuator.v1+json || application/json]}" onto public org.springframework.http.ResponseEntity<?> org.springframework.boot.actuate.endpoint.mvc.AuditEventsMvcEndpoint.findByPrincipalAndAfterAndType(java.lang.String,java.util.Date,java.lang.String)
2019-07-04 20:55:52,926 INFO  [restartedMain] org.springframework.boot.actuate.endpoint.mvc.EndpointHandlerMapping : Mapped "{[/info || /info.json],methods=[GET],produces=[application/vnd.spring-boot.actuator.v1+json || application/json]}" onto public java.lang.Object org.springframework.boot.actuate.endpoint.mvc.EndpointMvcAdapter.invoke()
2019-07-04 20:55:52,927 INFO  [restartedMain] org.springframework.boot.actuate.endpoint.mvc.EndpointHandlerMapping : Mapped "{[/heapdump || /heapdump.json],methods=[GET],produces=[application/octet-stream]}" onto public void org.springframework.boot.actuate.endpoint.mvc.HeapdumpMvcEndpoint.invoke(boolean,javax.servlet.http.HttpServletRequest,javax.servlet.http.HttpServletResponse) throws java.io.IOException,javax.servlet.ServletException
2019-07-04 20:55:52,928 INFO  [restartedMain] org.springframework.boot.actuate.endpoint.mvc.EndpointHandlerMapping : Mapped "{[/configprops || /configprops.json],methods=[GET],produces=[application/vnd.spring-boot.actuator.v1+json || application/json]}" onto public java.lang.Object org.springframework.boot.actuate.endpoint.mvc.EndpointMvcAdapter.invoke()
2019-07-04 20:55:52,929 INFO  [restartedMain] org.springframework.boot.actuate.endpoint.mvc.EndpointHandlerMapping : Mapped "{[/trace || /trace.json],methods=[GET],produces=[application/vnd.spring-boot.actuator.v1+json || application/json]}" onto public java.lang.Object org.springframework.boot.actuate.endpoint.mvc.EndpointMvcAdapter.invoke()
2019-07-04 20:55:52,930 INFO  [restartedMain] org.springframework.boot.actuate.endpoint.mvc.EndpointHandlerMapping : Mapped "{[/metrics/{name:.*}],methods=[GET],produces=[application/vnd.spring-boot.actuator.v1+json || application/json]}" onto public java.lang.Object org.springframework.boot.actuate.endpoint.mvc.MetricsMvcEndpoint.value(java.lang.String)
2019-07-04 20:55:52,930 INFO  [restartedMain] org.springframework.boot.actuate.endpoint.mvc.EndpointHandlerMapping : Mapped "{[/metrics || /metrics.json],methods=[GET],produces=[application/vnd.spring-boot.actuator.v1+json || application/json]}" onto public java.lang.Object org.springframework.boot.actuate.endpoint.mvc.EndpointMvcAdapter.invoke()
2019-07-04 20:55:52,931 INFO  [restartedMain] org.springframework.boot.actuate.endpoint.mvc.EndpointHandlerMapping : Mapped "{[/env/{name:.*}],methods=[GET],produces=[application/vnd.spring-boot.actuator.v1+json || application/json]}" onto public java.lang.Object org.springframework.boot.actuate.endpoint.mvc.EnvironmentMvcEndpoint.value(java.lang.String)
2019-07-04 20:55:52,931 INFO  [restartedMain] org.springframework.boot.actuate.endpoint.mvc.EndpointHandlerMapping : Mapped "{[/env || /env.json],methods=[GET],produces=[application/vnd.spring-boot.actuator.v1+json || application/json]}" onto public java.lang.Object org.springframework.boot.actuate.endpoint.mvc.EndpointMvcAdapter.invoke()
2019-07-04 20:55:52,932 INFO  [restartedMain] org.springframework.boot.actuate.endpoint.mvc.EndpointHandlerMapping : Mapped "{[/logfile || /logfile.json],methods=[GET || HEAD]}" onto public void org.springframework.boot.actuate.endpoint.mvc.LogFileMvcEndpoint.invoke(javax.servlet.http.HttpServletRequest,javax.servlet.http.HttpServletResponse) throws javax.servlet.ServletException,java.io.IOException
2019-07-04 20:55:52,933 INFO  [restartedMain] org.springframework.boot.actuate.endpoint.mvc.EndpointHandlerMapping : Mapped "{[/loggers/{name:.*}],methods=[GET],produces=[application/vnd.spring-boot.actuator.v1+json || application/json]}" onto public java.lang.Object org.springframework.boot.actuate.endpoint.mvc.LoggersMvcEndpoint.get(java.lang.String)
2019-07-04 20:55:52,934 INFO  [restartedMain] org.springframework.boot.actuate.endpoint.mvc.EndpointHandlerMapping : Mapped "{[/loggers/{name:.*}],methods=[POST],consumes=[application/vnd.spring-boot.actuator.v1+json || application/json],produces=[application/vnd.spring-boot.actuator.v1+json || application/json]}" onto public java.lang.Object org.springframework.boot.actuate.endpoint.mvc.LoggersMvcEndpoint.set(java.lang.String,java.util.Map<java.lang.String, java.lang.String>)
2019-07-04 20:55:52,934 INFO  [restartedMain] org.springframework.boot.actuate.endpoint.mvc.EndpointHandlerMapping : Mapped "{[/loggers || /loggers.json],methods=[GET],produces=[application/vnd.spring-boot.actuator.v1+json || application/json]}" onto public java.lang.Object org.springframework.boot.actuate.endpoint.mvc.EndpointMvcAdapter.invoke()
2019-07-04 20:55:52,934 INFO  [restartedMain] org.springframework.boot.actuate.endpoint.mvc.EndpointHandlerMapping : Mapped "{[/autoconfig || /autoconfig.json],methods=[GET],produces=[application/vnd.spring-boot.actuator.v1+json || application/json]}" onto public java.lang.Object org.springframework.boot.actuate.endpoint.mvc.EndpointMvcAdapter.invoke()
2019-07-04 20:55:53,052 INFO  [restartedMain] springfox.documentation.spring.web.PropertySourcedRequestMappingHandlerMapping : Mapped URL path [/v2/api-docs] onto method [public org.springframework.http.ResponseEntity<springfox.documentation.spring.web.json.Json> springfox.documentation.swagger2.web.Swagger2Controller.getDocumentation(java.lang.String,javax.servlet.http.HttpServletRequest)]
2019-07-04 20:55:53,230 INFO  [restartedMain] org.springframework.web.servlet.mvc.method.annotation.RequestMappingHandlerAdapter : Looking for @ControllerAdvice: org.springframework.boot.context.embedded.AnnotationConfigEmbeddedWebApplicationContext@4cf87936: startup date [Thu Jul 04 20:55:49 CST 2019]; root of context hierarchy
2019-07-04 20:55:53,278 INFO  [restartedMain] org.springframework.web.servlet.handler.SimpleUrlHandlerMapping : Mapped URL path [/webjars/**] onto handler of type [class org.springframework.web.servlet.resource.ResourceHttpRequestHandler]
2019-07-04 20:55:53,278 INFO  [restartedMain] org.springframework.web.servlet.handler.SimpleUrlHandlerMapping : Mapped URL path [/**] onto handler of type [class org.springframework.web.servlet.resource.ResourceHttpRequestHandler]
2019-07-04 20:55:53,309 INFO  [restartedMain] org.springframework.web.servlet.handler.SimpleUrlHandlerMapping : Mapped URL path [/**/favicon.ico] onto handler of type [class org.springframework.web.servlet.resource.ResourceHttpRequestHandler]
2019-07-04 20:55:53,337 WARN  [restartedMain] org.springframework.boot.autoconfigure.thymeleaf.AbstractTemplateResolverConfiguration : Cannot find template location: classpath:/templates/ (please add some templates or check your Thymeleaf configuration)
2019-07-04 20:55:53,922 INFO  [restartedMain] org.springframework.boot.devtools.autoconfigure.OptionalLiveReloadServer : LiveReload server is running on port 35729
2019-07-04 20:55:54,055 INFO  [restartedMain] org.springframework.jmx.export.annotation.AnnotationMBeanExporter : Registering beans for JMX exposure on startup
2019-07-04 20:55:54,063 INFO  [restartedMain] org.springframework.context.support.DefaultLifecycleProcessor : Starting beans in phase 0
2019-07-04 20:55:54,105 INFO  [restartedMain] org.springframework.context.support.DefaultLifecycleProcessor : Starting beans in phase 2147483647
2019-07-04 20:55:54,105 INFO  [restartedMain] springfox.documentation.spring.web.plugins.DocumentationPluginsBootstrapper : Context refreshed
2019-07-04 20:55:54,126 INFO  [restartedMain] springfox.documentation.spring.web.plugins.DocumentationPluginsBootstrapper : Found 1 custom documentation plugin(s)
2019-07-04 20:55:54,154 INFO  [restartedMain] springfox.documentation.spring.web.scanners.ApiListingReferenceScanner : Scanning for api listing references
2019-07-04 20:55:54,207 INFO  [restartedMain] org.springframework.boot.context.embedded.tomcat.TomcatEmbeddedServletContainer : Tomcat started on port(s): 9010 (http)
2019-07-04 20:55:54,213 INFO  [restartedMain] com.moon.ms.MSApplication : Started MSApplication in 4.817 seconds (JVM running for 5.23)
